# project noname (1.0.4) configured on Sun Dec 18 04:41:30 2011 by
# waf 1.5.16 (abi 7, python 20701f0 on darwin)
# using /Users/theturtle32/.nvm/v0.6.6/bin/node-waf configure build
#

----------------------------------------
Checking for program g++ or c++
  find program=['g++', 'c++'] paths=[] var='CXX'
  -> '/usr/bin/g++'

----------------------------------------
Checking for program cpp
  find program=['cpp'] paths=[] var='CPP'
  -> '/usr/bin/cpp'

----------------------------------------
Checking for program ar
  find program=['ar'] paths=[] var='AR'
  -> '/usr/bin/ar'

----------------------------------------
Checking for program ranlib
  find program=['ranlib'] paths=[] var='RANLIB'
  -> '/usr/bin/ranlib'

----------------------------------------
Checking for g++ 
ok 

----------------------------------------
Checking for node path 
ok /usr/local/lib/node

----------------------------------------
Checking for node prefix 
ok /Users/theturtle32/.nvm/v0.6.6
